[2021-12-25 14:27:45] qa.INFO: Connection could not be established with host defi@mindchain.info [php_network_getaddresses: getaddrinfo failed: Name or service not known #0]  
[2021-12-25 16:09:52] qa.ERROR: Your configuration files are not serializable. {"exception":"[object] (LogicException(code: 0): Your configuration files are not serializable. at /home/edulifeb/public_html/defi/vendor/laravel/framework/src/Illuminate/Foundation/Console/ConfigCacheCommand.php:71, Error(code: 0): Call to undefined method Illuminate\\Validation\\Rules\\In::__set_state() at /home/edulifeb/public_html/defi/bootstrap/cache/config.php:771)
[stacktrace]
#0 [internal function]: Illuminate\\Foundation\\Console\\ConfigCacheCommand->handle()
#1 /home/edulifeb/public_html/defi/vendor/laravel/framework/src/Illuminate/Container/BoundMethod.php(29): call_user_func_array(Array, Array)
#2 /home/edulifeb/public_html/defi/vendor/laravel/framework/src/Illuminate/Container/BoundMethod.php(87): Illuminate\\Container\\BoundMethod::Illuminate\\Container\\{closure}()
#3 /home/edulifeb/public_html/defi/vendor/laravel/framework/src/Illuminate/Container/BoundMethod.php(31): Illuminate\\Container\\BoundMethod::callBoundMethod(Object(Illuminate\\Foundation\\Application), Array, Object(Closure))
#4 /home/edulifeb/public_html/defi/vendor/laravel/framework/src/Illuminate/Container/Container.php(572): Illuminate\\Container\\BoundMethod::call(Object(Illuminate\\Foundation\\Application), Array, Array, NULL)
#5 /home/edulifeb/public_html/defi/vendor/laravel/framework/src/Illuminate/Console/Command.php(183): Illuminate\\Container\\Container->call(Array)
#6 /home/edulifeb/public_html/defi/vendor/symfony/console/Command/Command.php(255): Illuminate\\Console\\Command->execute(Object(Symfony\\Component\\Console\\Input\\ArrayInput), Object(Illuminate\\Console\\OutputStyle))
#7 /home/edulifeb/public_html/defi/vendor/laravel/framework/src/Illuminate/Console/Command.php(170): Symfony\\Component\\Console\\Command\\Command->run(Object(Symfony\\Component\\Console\\Input\\ArrayInput), Object(Illuminate\\Console\\OutputStyle))
#8 /home/edulifeb/public_html/defi/vendor/laravel/framework/src/Illuminate/Console/Command.php(198): Illuminate\\Console\\Command->run(Object(Symfony\\Component\\Console\\Input\\ArrayInput), Object(Illuminate\\Console\\OutputStyle))
#9 /home/edulifeb/public_html/defi/vendor/laravel/framework/src/Illuminate/Foundation/Console/OptimizeCommand.php(30): Illuminate\\Console\\Command->call('config:cache')
#10 [internal function]: Illuminate\\Foundation\\Console\\OptimizeCommand->handle()
#11 /home/edulifeb/public_html/defi/vendor/laravel/framework/src/Illuminate/Container/BoundMethod.php(29): call_user_func_array(Array, Array)
#12 /home/edulifeb/public_html/defi/vendor/laravel/framework/src/Illuminate/Container/BoundMethod.php(87): Illuminate\\Container\\BoundMethod::Illuminate\\Container\\{closure}()
#13 /home/edulifeb/public_html/defi/vendor/laravel/framework/src/Illuminate/Container/BoundMethod.php(31): Illuminate\\Container\\BoundMethod::callBoundMethod(Object(Illuminate\\Foundation\\Application), Array, Object(Closure))
#14 /home/edulifeb/public_html/defi/vendor/laravel/framework/src/Illuminate/Container/Container.php(572): Illuminate\\Container\\BoundMethod::call(Object(Illuminate\\Foundation\\Application), Array, Array, NULL)
#15 /home/edulifeb/public_html/defi/vendor/laravel/framework/src/Illuminate/Console/Command.php(183): Illuminate\\Container\\Container->call(Array)
#16 /home/edulifeb/public_html/defi/vendor/symfony/console/Command/Command.php(255): Illuminate\\Console\\Command->execute(Object(Symfony\\Component\\Console\\Input\\ArgvInput), Object(Illuminate\\Console\\OutputStyle))
#17 /home/edulifeb/public_html/defi/vendor/laravel/framework/src/Illuminate/Console/Command.php(170): Symfony\\Component\\Console\\Command\\Command->run(Object(Symfony\\Component\\Console\\Input\\ArgvInput), Object(Illuminate\\Console\\OutputStyle))
#18 /home/edulifeb/public_html/defi/vendor/symfony/console/Application.php(921): Illuminate\\Console\\Command->run(Object(Symfony\\Component\\Console\\Input\\ArgvInput), Object(Symfony\\Component\\Console\\Output\\ConsoleOutput))
#19 /home/edulifeb/public_html/defi/vendor/symfony/console/Application.php(273): Symfony\\Component\\Console\\Application->doRunCommand(Object(Illuminate\\Foundation\\Console\\OptimizeCommand), Object(Symfony\\Component\\Console\\Input\\ArgvInput), Object(Symfony\\Component\\Console\\Output\\ConsoleOutput))
#20 /home/edulifeb/public_html/defi/vendor/symfony/console/Application.php(149): Symfony\\Component\\Console\\Application->doRun(Object(Symfony\\Component\\Console\\Input\\ArgvInput), Object(Symfony\\Component\\Console\\Output\\ConsoleOutput))
#21 /home/edulifeb/public_html/defi/vendor/laravel/framework/src/Illuminate/Console/Application.php(89): Symfony\\Component\\Console\\Application->run(Object(Symfony\\Component\\Console\\Input\\ArgvInput), Object(Symfony\\Component\\Console\\Output\\ConsoleOutput))
#22 /home/edulifeb/public_html/defi/vendor/laravel/framework/src/Illuminate/Foundation/Console/Kernel.php(122): Illuminate\\Console\\Application->run(Object(Symfony\\Component\\Console\\Input\\ArgvInput), Object(Symfony\\Component\\Console\\Output\\ConsoleOutput))
#23 /home/edulifeb/public_html/defi/artisan(37): Illuminate\\Foundation\\Console\\Kernel->handle(Object(Symfony\\Component\\Console\\Input\\ArgvInput), Object(Symfony\\Component\\Console\\Output\\ConsoleOutput))
#24 {main}
"} 
[2021-12-25 16:24:21] qa.ERROR: Trait 'Softnio\LaravelInstaller\Helpers\MigrationsHelper' not found {"exception":"[object] (Symfony\\Component\\Debug\\Exception\\FatalErrorException(code: 1): Trait 'Softnio\\LaravelInstaller\\Helpers\\MigrationsHelper' not found at /home/edulifeb/public_html/defi/app/Exceptions/Handler.php:12)
[stacktrace]
#0 {main}
"} 
[2021-12-25 16:24:23] qa.ERROR: Trait 'Softnio\LaravelInstaller\Helpers\MigrationsHelper' not found {"exception":"[object] (Symfony\\Component\\Debug\\Exception\\FatalErrorException(code: 1): Trait 'Softnio\\LaravelInstaller\\Helpers\\MigrationsHelper' not found at /home/edulifeb/public_html/defi/app/Exceptions/Handler.php:12)
[stacktrace]
#0 {main}
"} 
[2021-12-25 16:24:23] qa.ERROR: Trait 'Softnio\LaravelInstaller\Helpers\MigrationsHelper' not found {"exception":"[object] (Symfony\\Component\\Debug\\Exception\\FatalErrorException(code: 1): Trait 'Softnio\\LaravelInstaller\\Helpers\\MigrationsHelper' not found at /home/edulifeb/public_html/defi/app/Exceptions/Handler.php:12)
[stacktrace]
#0 {main}
"} 
[2021-12-25 16:24:24] qa.ERROR: Trait 'Softnio\LaravelInstaller\Helpers\MigrationsHelper' not found {"exception":"[object] (Symfony\\Component\\Debug\\Exception\\FatalErrorException(code: 1): Trait 'Softnio\\LaravelInstaller\\Helpers\\MigrationsHelper' not found at /home/edulifeb/public_html/defi/app/Exceptions/Handler.php:12)
[stacktrace]
#0 {main}
"} 
[2021-12-25 16:24:25] qa.ERROR: Trait 'Softnio\LaravelInstaller\Helpers\MigrationsHelper' not found {"exception":"[object] (Symfony\\Component\\Debug\\Exception\\FatalErrorException(code: 1): Trait 'Softnio\\LaravelInstaller\\Helpers\\MigrationsHelper' not found at /home/edulifeb/public_html/defi/app/Exceptions/Handler.php:12)
[stacktrace]
#0 {main}
"} 
[2021-12-25 16:38:19] qa.ERROR: Class 'Nio\LaravelInstaller\Providers\LaravelInstallerServiceProvider' not found {"exception":"[object] (Symfony\\Component\\Debug\\Exception\\FatalThrowableError(code: 0): Class 'Nio\\LaravelInstaller\\Providers\\LaravelInstallerServiceProvider' not found at /home/edulifeb/public_html/defi/vendor/laravel/framework/src/Illuminate/Foundation/ProviderRepository.php:208)
[stacktrace]
#0 /home/edulifeb/public_html/defi/vendor/laravel/framework/src/Illuminate/Foundation/ProviderRepository.php(144): Illuminate\\Foundation\\ProviderRepository->createProvider('Nio\\\\LaravelInst...')
#1 /home/edulifeb/public_html/defi/vendor/laravel/framework/src/Illuminate/Foundation/ProviderRepository.php(61): Illuminate\\Foundation\\ProviderRepository->compileManifest(Array)
#2 /home/edulifeb/public_html/defi/vendor/laravel/framework/src/Illuminate/Foundation/Application.php(574): Illuminate\\Foundation\\ProviderRepository->load(Array)
#3 /home/edulifeb/public_html/defi/vendor/laravel/framework/src/Illuminate/Foundation/Bootstrap/RegisterProviders.php(17): Illuminate\\Foundation\\Application->registerConfiguredProviders()
#4 /home/edulifeb/public_html/defi/vendor/laravel/framework/src/Illuminate/Foundation/Application.php(211): Illuminate\\Foundation\\Bootstrap\\RegisterProviders->bootstrap(Object(Illuminate\\Foundation\\Application))
#5 /home/edulifeb/public_html/defi/vendor/laravel/framework/src/Illuminate/Foundation/Http/Kernel.php(162): Illuminate\\Foundation\\Application->bootstrapWith(Array)
#6 /home/edulifeb/public_html/defi/vendor/laravel/framework/src/Illuminate/Foundation/Http/Kernel.php(146): Illuminate\\Foundation\\Http\\Kernel->bootstrap()
#7 /home/edulifeb/public_html/defi/vendor/laravel/framework/src/Illuminate/Foundation/Http/Kernel.php(116): Illuminate\\Foundation\\Http\\Kernel->sendRequestThroughRouter(Object(Illuminate\\Http\\Request))
#8 /home/edulifeb/public_html/defi/public/index.php(58): Illuminate\\Foundation\\Http\\Kernel->handle(Object(Illuminate\\Http\\Request))
#9 {main}
"} 
[2021-12-25 16:38:19] qa.ERROR: Class db does not exist {"exception":"[object] (ReflectionException(code: -1): Class db does not exist at /home/edulifeb/public_html/defi/vendor/laravel/framework/src/Illuminate/Container/Container.php:779)
[stacktrace]
#0 /home/edulifeb/public_html/defi/vendor/laravel/framework/src/Illuminate/Container/Container.php(779): ReflectionClass->__construct('db')
#1 /home/edulifeb/public_html/defi/vendor/laravel/framework/src/Illuminate/Container/Container.php(658): Illuminate\\Container\\Container->build('db')
#2 /home/edulifeb/public_html/defi/vendor/laravel/framework/src/Illuminate/Container/Container.php(609): Illuminate\\Container\\Container->resolve('db', Array)
#3 /home/edulifeb/public_html/defi/vendor/laravel/framework/src/Illuminate/Foundation/Application.php(759): Illuminate\\Container\\Container->make('db', Array)
#4 /home/edulifeb/public_html/defi/vendor/laravel/framework/src/Illuminate/Container/Container.php(1222): Illuminate\\Foundation\\Application->make('db')
#5 /home/edulifeb/public_html/defi/vendor/laravel/framework/src/Illuminate/Support/Facades/Facade.php(175): Illuminate\\Container\\Container->offsetGet('db')
#6 /home/edulifeb/public_html/defi/vendor/laravel/framework/src/Illuminate/Support/Facades/Facade.php(144): Illuminate\\Support\\Facades\\Facade::resolveFacadeInstance('db')
#7 /home/edulifeb/public_html/defi/vendor/laravel/framework/src/Illuminate/Support/Facades/Facade.php(231): Illuminate\\Support\\Facades\\Facade::getFacadeRoot()
#8 /home/edulifeb/public_html/defi/vendor/softnio/laravel-installer/src/Helpers/MigrationsHelper.php(27): Illuminate\\Support\\Facades\\Facade::__callStatic('table', Array)
#9 /home/edulifeb/public_html/defi/app/Exceptions/Handler.php(66): App\\Exceptions\\Handler->getExecutedMigrations()
#10 /home/edulifeb/public_html/defi/vendor/laravel/framework/src/Illuminate/Foundation/Http/Kernel.php(326): App\\Exceptions\\Handler->render(Object(Illuminate\\Http\\Request), Object(Symfony\\Component\\Debug\\Exception\\FatalThrowableError))
#11 /home/edulifeb/public_html/defi/vendor/laravel/framework/src/Illuminate/Foundation/Http/Kernel.php(124): Illuminate\\Foundation\\Http\\Kernel->renderException(Object(Illuminate\\Http\\Request), Object(Symfony\\Component\\Debug\\Exception\\FatalThrowableError))
#12 /home/edulifeb/public_html/defi/public/index.php(58): Illuminate\\Foundation\\Http\\Kernel->handle(Object(Illuminate\\Http\\Request))
#13 {main}
"} 
[2021-12-25 16:38:19] qa.ERROR: Uncaught ReflectionException: Class db does not exist in /home/edulifeb/public_html/defi/vendor/laravel/framework/src/Illuminate/Container/Container.php:779
Stack trace:
#0 /home/edulifeb/public_html/defi/vendor/laravel/framework/src/Illuminate/Container/Container.php(779): ReflectionClass->__construct('db')
#1 /home/edulifeb/public_html/defi/vendor/laravel/framework/src/Illuminate/Container/Container.php(658): Illuminate\Container\Container->build('db')
#2 /home/edulifeb/public_html/defi/vendor/laravel/framework/src/Illuminate/Container/Container.php(609): Illuminate\Container\Container->resolve('db', Array)
#3 /home/edulifeb/public_html/defi/vendor/laravel/framework/src/Illuminate/Foundation/Application.php(759): Illuminate\Container\Container->make('db', Array)
#4 /home/edulifeb/public_html/defi/vendor/laravel/framework/src/Illuminate/Container/Container.php(1222): Illuminate\Foundation\Application->make('db')
#5 /home/edulifeb/public_html/defi/vendor/laravel/framework/src/Illuminate/Support/Facades/Facade {"exception":"[object] (Symfony\\Component\\Debug\\Exception\\FatalErrorException(code: 1): Uncaught ReflectionException: Class db does not exist in /home/edulifeb/public_html/defi/vendor/laravel/framework/src/Illuminate/Container/Container.php:779
Stack trace:
#0 /home/edulifeb/public_html/defi/vendor/laravel/framework/src/Illuminate/Container/Container.php(779): ReflectionClass->__construct('db')
#1 /home/edulifeb/public_html/defi/vendor/laravel/framework/src/Illuminate/Container/Container.php(658): Illuminate\\Container\\Container->build('db')
#2 /home/edulifeb/public_html/defi/vendor/laravel/framework/src/Illuminate/Container/Container.php(609): Illuminate\\Container\\Container->resolve('db', Array)
#3 /home/edulifeb/public_html/defi/vendor/laravel/framework/src/Illuminate/Foundation/Application.php(759): Illuminate\\Container\\Container->make('db', Array)
#4 /home/edulifeb/public_html/defi/vendor/laravel/framework/src/Illuminate/Container/Container.php(1222): Illuminate\\Foundation\\Application->make('db')
#5 /home/edulifeb/public_html/defi/vendor/laravel/framework/src/Illuminate/Support/Facades/Facade at /home/edulifeb/public_html/defi/vendor/laravel/framework/src/Illuminate/Container/Container.php:779)
[stacktrace]
#0 {main}
"} 
[2021-12-25 16:38:20] qa.ERROR: Class 'Nio\LaravelInstaller\Providers\LaravelInstallerServiceProvider' not found {"exception":"[object] (Symfony\\Component\\Debug\\Exception\\FatalThrowableError(code: 0): Class 'Nio\\LaravelInstaller\\Providers\\LaravelInstallerServiceProvider' not found at /home/edulifeb/public_html/defi/vendor/laravel/framework/src/Illuminate/Foundation/ProviderRepository.php:208)
[stacktrace]
#0 /home/edulifeb/public_html/defi/vendor/laravel/framework/src/Illuminate/Foundation/ProviderRepository.php(144): Illuminate\\Foundation\\ProviderRepository->createProvider('Nio\\\\LaravelInst...')
#1 /home/edulifeb/public_html/defi/vendor/laravel/framework/src/Illuminate/Foundation/ProviderRepository.php(61): Illuminate\\Foundation\\ProviderRepository->compileManifest(Array)
#2 /home/edulifeb/public_html/defi/vendor/laravel/framework/src/Illuminate/Foundation/Application.php(574): Illuminate\\Foundation\\ProviderRepository->load(Array)
#3 /home/edulifeb/public_html/defi/vendor/laravel/framework/src/Illuminate/Foundation/Bootstrap/RegisterProviders.php(17): Illuminate\\Foundation\\Application->registerConfiguredProviders()
#4 /home/edulifeb/public_html/defi/vendor/laravel/framework/src/Illuminate/Foundation/Application.php(211): Illuminate\\Foundation\\Bootstrap\\RegisterProviders->bootstrap(Object(Illuminate\\Foundation\\Application))
#5 /home/edulifeb/public_html/defi/vendor/laravel/framework/src/Illuminate/Foundation/Http/Kernel.php(162): Illuminate\\Foundation\\Application->bootstrapWith(Array)
#6 /home/edulifeb/public_html/defi/vendor/laravel/framework/src/Illuminate/Foundation/Http/Kernel.php(146): Illuminate\\Foundation\\Http\\Kernel->bootstrap()
#7 /home/edulifeb/public_html/defi/vendor/laravel/framework/src/Illuminate/Foundation/Http/Kernel.php(116): Illuminate\\Foundation\\Http\\Kernel->sendRequestThroughRouter(Object(Illuminate\\Http\\Request))
#8 /home/edulifeb/public_html/defi/public/index.php(58): Illuminate\\Foundation\\Http\\Kernel->handle(Object(Illuminate\\Http\\Request))
#9 {main}
"} 
[2021-12-25 16:38:20] qa.ERROR: Class db does not exist {"exception":"[object] (ReflectionException(code: -1): Class db does not exist at /home/edulifeb/public_html/defi/vendor/laravel/framework/src/Illuminate/Container/Container.php:779)
[stacktrace]
#0 /home/edulifeb/public_html/defi/vendor/laravel/framework/src/Illuminate/Container/Container.php(779): ReflectionClass->__construct('db')
#1 /home/edulifeb/public_html/defi/vendor/laravel/framework/src/Illuminate/Container/Container.php(658): Illuminate\\Container\\Container->build('db')
#2 /home/edulifeb/public_html/defi/vendor/laravel/framework/src/Illuminate/Container/Container.php(609): Illuminate\\Container\\Container->resolve('db', Array)
#3 /home/edulifeb/public_html/defi/vendor/laravel/framework/src/Illuminate/Foundation/Application.php(759): Illuminate\\Container\\Container->make('db', Array)
#4 /home/edulifeb/public_html/defi/vendor/laravel/framework/src/Illuminate/Container/Container.php(1222): Illuminate\\Foundation\\Application->make('db')
#5 /home/edulifeb/public_html/defi/vendor/laravel/framework/src/Illuminate/Support/Facades/Facade.php(175): Illuminate\\Container\\Container->offsetGet('db')
#6 /home/edulifeb/public_html/defi/vendor/laravel/framework/src/Illuminate/Support/Facades/Facade.php(144): Illuminate\\Support\\Facades\\Facade::resolveFacadeInstance('db')
#7 /home/edulifeb/public_html/defi/vendor/laravel/framework/src/Illuminate/Support/Facades/Facade.php(231): Illuminate\\Support\\Facades\\Facade::getFacadeRoot()
#8 /home/edulifeb/public_html/defi/vendor/softnio/laravel-installer/src/Helpers/MigrationsHelper.php(27): Illuminate\\Support\\Facades\\Facade::__callStatic('table', Array)
#9 /home/edulifeb/public_html/defi/app/Exceptions/Handler.php(66): App\\Exceptions\\Handler->getExecutedMigrations()
#10 /home/edulifeb/public_html/defi/vendor/laravel/framework/src/Illuminate/Foundation/Http/Kernel.php(326): App\\Exceptions\\Handler->render(Object(Illuminate\\Http\\Request), Object(Symfony\\Component\\Debug\\Exception\\FatalThrowableError))
#11 /home/edulifeb/public_html/defi/vendor/laravel/framework/src/Illuminate/Foundation/Http/Kernel.php(124): Illuminate\\Foundation\\Http\\Kernel->renderException(Object(Illuminate\\Http\\Request), Object(Symfony\\Component\\Debug\\Exception\\FatalThrowableError))
#12 /home/edulifeb/public_html/defi/public/index.php(58): Illuminate\\Foundation\\Http\\Kernel->handle(Object(Illuminate\\Http\\Request))
#13 {main}
"} 
[2021-12-25 16:38:20] qa.ERROR: Uncaught ReflectionException: Class db does not exist in /home/edulifeb/public_html/defi/vendor/laravel/framework/src/Illuminate/Container/Container.php:779
Stack trace:
#0 /home/edulifeb/public_html/defi/vendor/laravel/framework/src/Illuminate/Container/Container.php(779): ReflectionClass->__construct('db')
#1 /home/edulifeb/public_html/defi/vendor/laravel/framework/src/Illuminate/Container/Container.php(658): Illuminate\Container\Container->build('db')
#2 /home/edulifeb/public_html/defi/vendor/laravel/framework/src/Illuminate/Container/Container.php(609): Illuminate\Container\Container->resolve('db', Array)
#3 /home/edulifeb/public_html/defi/vendor/laravel/framework/src/Illuminate/Foundation/Application.php(759): Illuminate\Container\Container->make('db', Array)
#4 /home/edulifeb/public_html/defi/vendor/laravel/framework/src/Illuminate/Container/Container.php(1222): Illuminate\Foundation\Application->make('db')
#5 /home/edulifeb/public_html/defi/vendor/laravel/framework/src/Illuminate/Support/Facades/Facade {"exception":"[object] (Symfony\\Component\\Debug\\Exception\\FatalErrorException(code: 1): Uncaught ReflectionException: Class db does not exist in /home/edulifeb/public_html/defi/vendor/laravel/framework/src/Illuminate/Container/Container.php:779
Stack trace:
#0 /home/edulifeb/public_html/defi/vendor/laravel/framework/src/Illuminate/Container/Container.php(779): ReflectionClass->__construct('db')
#1 /home/edulifeb/public_html/defi/vendor/laravel/framework/src/Illuminate/Container/Container.php(658): Illuminate\\Container\\Container->build('db')
#2 /home/edulifeb/public_html/defi/vendor/laravel/framework/src/Illuminate/Container/Container.php(609): Illuminate\\Container\\Container->resolve('db', Array)
#3 /home/edulifeb/public_html/defi/vendor/laravel/framework/src/Illuminate/Foundation/Application.php(759): Illuminate\\Container\\Container->make('db', Array)
#4 /home/edulifeb/public_html/defi/vendor/laravel/framework/src/Illuminate/Container/Container.php(1222): Illuminate\\Foundation\\Application->make('db')
#5 /home/edulifeb/public_html/defi/vendor/laravel/framework/src/Illuminate/Support/Facades/Facade at /home/edulifeb/public_html/defi/vendor/laravel/framework/src/Illuminate/Container/Container.php:779)
[stacktrace]
#0 {main}
"} 
[2021-12-25 16:47:52] qa.ERROR: Trait 'Softnio\LaravelInstaller\Helpers\MigrationsHelper' not found {"exception":"[object] (Symfony\\Component\\Debug\\Exception\\FatalErrorException(code: 1): Trait 'Softnio\\LaravelInstaller\\Helpers\\MigrationsHelper' not found at /home/edulifeb/public_html/defi/app/Exceptions/Handler.php:12)
[stacktrace]
#0 {main}
"} 
[2021-12-25 16:53:07] qa.ERROR: Trait 'Softnio\LaravelInstaller\Helpers\MigrationsHelper' not found {"exception":"[object] (Symfony\\Component\\Debug\\Exception\\FatalErrorException(code: 1): Trait 'Softnio\\LaravelInstaller\\Helpers\\MigrationsHelper' not found at /home/edulifeb/public_html/defi/app/Exceptions/Handler.php:12)
[stacktrace]
#0 {main}
"} 
